<?xml version="1.0" encoding="UTF-8"?>
<!-- Generated by org.testng.reporters.JUnitXMLReporter -->
<testsuite hostname="VISHAL-HP" ignored="0" name="Test" tests="3" failures="0" timestamp="28 Aug 2018 05:59:58 GMT" time="0.084" errors="0">
  <testcase name="@BeforeMethod openApplication" time="0.0" classname="generic.BaseTest">
    <failure type="org.testng.TestNGException" message="
Parameter &amp;apos;browser&amp;apos; is required by BeforeMethod on method openApplication but has not been marked @Optional or defined
in D:\SeleniumBTM\AutomationFrameworkRevision\testngsuite.xml">
      <![CDATA[org.testng.TestNGException: 
Parameter 'browser' is required by BeforeMethod on method openApplication but has not been marked @Optional or defined
in D:\SeleniumBTM\AutomationFrameworkRevision\testngsuite.xml
... Removed 25 stack frames]]>
    </failure>
  </testcase> <!-- @BeforeMethod openApplication -->
  <testcase name="@AfterMethod closeApplication" time="0.0" classname="generic.BaseTest">
    <skipped/>
  </testcase> <!-- @AfterMethod closeApplication -->
  <testcase name="@BeforeMethod openApplication" time="0.0" classname="generic.BaseTest">
    <skipped/>
  </testcase> <!-- @BeforeMethod openApplication -->
  <testcase name="@AfterMethod closeApplication" time="0.0" classname="generic.BaseTest">
    <skipped/>
  </testcase> <!-- @AfterMethod closeApplication -->
  <testcase name="@BeforeMethod openApplication" time="0.0" classname="generic.BaseTest">
    <skipped/>
  </testcase> <!-- @BeforeMethod openApplication -->
  <testcase name="@AfterMethod closeApplication" time="0.0" classname="generic.BaseTest">
    <skipped/>
  </testcase> <!-- @AfterMethod closeApplication -->
  <testcase name="testValidLogin" time="0.0" classname="scripts.TestValidLogin">
    <skipped/>
  </testcase> <!-- testValidLogin -->
  <testcase name="verifyProductionVersion" time="0.0" classname="scripts.TestVarifyProductVersion">
    <skipped/>
  </testcase> <!-- verifyProductionVersion -->
  <testcase name="testInvalid" time="0.0" classname="scripts.TestInvalidLogin">
    <skipped/>
  </testcase> <!-- testInvalid -->
</testsuite> <!-- Test -->
