<?xml version="1.0" encoding="UTF-8"?>
<testng-results skipped="0" failed="0" ignored="0" total="4" passed="4">
  <reporter-output>
  </reporter-output>
  <suite name="Suite" duration-ms="172681" started-at="2018-09-06T08:24:44Z" finished-at="2018-09-06T08:27:37Z">
    <groups>
    </groups>
    <test name="FirefoxTest" duration-ms="156103" started-at="2018-09-06T08:24:44Z" finished-at="2018-09-06T08:27:20Z">
      <class name="scripts.TestValidLogin">
        <test-method status="PASS" signature="openApplication(java.lang.String)[pri:0, instance:scripts.TestValidLogin@482bce4f]" name="openApplication" is-config="true" duration-ms="33725" started-at="2018-09-06T13:54:44Z" finished-at="2018-09-06T13:55:18Z">
          <params>
            <param index="0">
              <value>
                <![CDATA[firefox]]>
              </value>
            </param>
          </params>
          <reporter-output>
          </reporter-output>
        </test-method> <!-- openApplication -->
        <test-method status="PASS" signature="testValidLogin()[pri:0, instance:scripts.TestValidLogin@482bce4f]" name="testValidLogin" duration-ms="13620" started-at="2018-09-06T13:55:18Z" finished-at="2018-09-06T13:55:31Z">
          <reporter-output>
          </reporter-output>
        </test-method> <!-- testValidLogin -->
        <test-method status="PASS" signature="closeApplication(org.testng.ITestResult)[pri:0, instance:scripts.TestValidLogin@482bce4f]" name="closeApplication" is-config="true" duration-ms="615" started-at="2018-09-06T13:55:31Z" finished-at="2018-09-06T13:55:32Z">
          <params>
            <param index="0">
              <value>
                <![CDATA[[TestResult name=testValidLogin status=SUCCESS method=TestValidLogin.testValidLogin()[pri:0, instance:scripts.TestValidLogin@482bce4f] output={null}]]]>
              </value>
            </param>
          </params>
          <reporter-output>
          </reporter-output>
        </test-method> <!-- closeApplication -->
      </class> <!-- scripts.TestValidLogin -->
      <class name="scripts.TestInvalidLogin">
        <test-method status="PASS" signature="openApplication(java.lang.String)[pri:0, instance:scripts.TestInvalidLogin@366647c2]" name="openApplication" is-config="true" duration-ms="19130" started-at="2018-09-06T13:55:32Z" finished-at="2018-09-06T13:55:51Z">
          <params>
            <param index="0">
              <value>
                <![CDATA[firefox]]>
              </value>
            </param>
          </params>
          <reporter-output>
          </reporter-output>
        </test-method> <!-- openApplication -->
        <test-method status="PASS" signature="testInvalid()[pri:0, instance:scripts.TestInvalidLogin@366647c2]" name="testInvalid" duration-ms="88622" started-at="2018-09-06T13:55:51Z" finished-at="2018-09-06T13:57:20Z">
          <reporter-output>
          </reporter-output>
        </test-method> <!-- testInvalid -->
        <test-method status="PASS" signature="closeApplication(org.testng.ITestResult)[pri:0, instance:scripts.TestInvalidLogin@366647c2]" name="closeApplication" is-config="true" duration-ms="361" started-at="2018-09-06T13:57:20Z" finished-at="2018-09-06T13:57:20Z">
          <params>
            <param index="0">
              <value>
                <![CDATA[[TestResult name=testInvalid status=SUCCESS method=TestInvalidLogin.testInvalid()[pri:0, instance:scripts.TestInvalidLogin@366647c2] output={null}]]]>
              </value>
            </param>
          </params>
          <reporter-output>
          </reporter-output>
        </test-method> <!-- closeApplication -->
      </class> <!-- scripts.TestInvalidLogin -->
    </test> <!-- FirefoxTest -->
    <test name="ChromeTest" duration-ms="172681" started-at="2018-09-06T08:24:44Z" finished-at="2018-09-06T08:27:37Z">
      <class name="scripts.TestValidLogin">
        <test-method status="PASS" signature="openApplication(java.lang.String)[pri:0, instance:scripts.TestValidLogin@346d61be]" name="openApplication" is-config="true" duration-ms="17741" started-at="2018-09-06T13:54:44Z" finished-at="2018-09-06T13:55:02Z">
          <params>
            <param index="0">
              <value>
                <![CDATA[chrome]]>
              </value>
            </param>
          </params>
          <reporter-output>
          </reporter-output>
        </test-method> <!-- openApplication -->
        <test-method status="PASS" signature="testValidLogin()[pri:0, instance:scripts.TestValidLogin@346d61be]" name="testValidLogin" duration-ms="24150" started-at="2018-09-06T13:55:02Z" finished-at="2018-09-06T13:55:26Z">
          <reporter-output>
          </reporter-output>
        </test-method> <!-- testValidLogin -->
        <test-method status="PASS" signature="closeApplication(org.testng.ITestResult)[pri:0, instance:scripts.TestValidLogin@346d61be]" name="closeApplication" is-config="true" duration-ms="859" started-at="2018-09-06T13:55:26Z" finished-at="2018-09-06T13:55:27Z">
          <params>
            <param index="0">
              <value>
                <![CDATA[[TestResult name=testValidLogin status=SUCCESS method=TestValidLogin.testValidLogin()[pri:0, instance:scripts.TestValidLogin@346d61be] output={null}]]]>
              </value>
            </param>
          </params>
          <reporter-output>
          </reporter-output>
        </test-method> <!-- closeApplication -->
      </class> <!-- scripts.TestValidLogin -->
      <class name="scripts.TestInvalidLogin">
        <test-method status="PASS" signature="openApplication(java.lang.String)[pri:0, instance:scripts.TestInvalidLogin@55536d9e]" name="openApplication" is-config="true" duration-ms="14902" started-at="2018-09-06T13:55:27Z" finished-at="2018-09-06T13:55:42Z">
          <params>
            <param index="0">
              <value>
                <![CDATA[chrome]]>
              </value>
            </param>
          </params>
          <reporter-output>
          </reporter-output>
        </test-method> <!-- openApplication -->
        <test-method status="PASS" signature="testInvalid()[pri:0, instance:scripts.TestInvalidLogin@55536d9e]" name="testInvalid" duration-ms="114254" started-at="2018-09-06T13:55:42Z" finished-at="2018-09-06T13:57:36Z">
          <reporter-output>
          </reporter-output>
        </test-method> <!-- testInvalid -->
        <test-method status="PASS" signature="closeApplication(org.testng.ITestResult)[pri:0, instance:scripts.TestInvalidLogin@55536d9e]" name="closeApplication" is-config="true" duration-ms="746" started-at="2018-09-06T13:57:36Z" finished-at="2018-09-06T13:57:37Z">
          <params>
            <param index="0">
              <value>
                <![CDATA[[TestResult name=testInvalid status=SUCCESS method=TestInvalidLogin.testInvalid()[pri:0, instance:scripts.TestInvalidLogin@55536d9e] output={null}]]]>
              </value>
            </param>
          </params>
          <reporter-output>
          </reporter-output>
        </test-method> <!-- closeApplication -->
      </class> <!-- scripts.TestInvalidLogin -->
    </test> <!-- ChromeTest -->
  </suite> <!-- Suite -->
</testng-results>
