<?xml version="1.0" encoding="UTF-8"?>
<testng-results skipped="0" failed="0" ignored="0" total="4" passed="4">
  <reporter-output>
  </reporter-output>
  <suite name="Suite" duration-ms="170668" started-at="2018-09-01T10:06:52Z" finished-at="2018-09-01T10:09:43Z">
    <groups>
    </groups>
    <test name="FirefoxTest" duration-ms="143282" started-at="2018-09-01T10:06:52Z" finished-at="2018-09-01T10:09:15Z">
      <class name="scripts.TestValidLogin">
        <test-method status="PASS" signature="openApplication(java.lang.String)[pri:0, instance:scripts.TestValidLogin@210366b4]" name="openApplication" is-config="true" duration-ms="23655" started-at="2018-09-01T15:36:52Z" finished-at="2018-09-01T15:37:16Z">
          <params>
            <param index="0">
              <value>
                <![CDATA[firefox]]>
              </value>
            </param>
          </params>
          <reporter-output>
          </reporter-output>
        </test-method> <!-- openApplication -->
        <test-method status="PASS" signature="testValidLogin()[pri:0, instance:scripts.TestValidLogin@210366b4]" name="testValidLogin" duration-ms="12544" started-at="2018-09-01T15:37:16Z" finished-at="2018-09-01T15:37:28Z">
          <reporter-output>
          </reporter-output>
        </test-method> <!-- testValidLogin -->
        <test-method status="PASS" signature="closeApplication(org.testng.ITestResult)[pri:0, instance:scripts.TestValidLogin@210366b4]" name="closeApplication" is-config="true" duration-ms="819" started-at="2018-09-01T15:37:28Z" finished-at="2018-09-01T15:37:29Z">
          <params>
            <param index="0">
              <value>
                <![CDATA[[TestResult name=testValidLogin status=SUCCESS method=TestValidLogin.testValidLogin()[pri:0, instance:scripts.TestValidLogin@210366b4] output={null}]]]>
              </value>
            </param>
          </params>
          <reporter-output>
          </reporter-output>
        </test-method> <!-- closeApplication -->
      </class> <!-- scripts.TestValidLogin -->
      <class name="scripts.TestInvalidLogin">
        <test-method status="PASS" signature="openApplication(java.lang.String)[pri:0, instance:scripts.TestInvalidLogin@eec5a4a]" name="openApplication" is-config="true" duration-ms="22240" started-at="2018-09-01T15:37:29Z" finished-at="2018-09-01T15:37:51Z">
          <params>
            <param index="0">
              <value>
                <![CDATA[firefox]]>
              </value>
            </param>
          </params>
          <reporter-output>
          </reporter-output>
        </test-method> <!-- openApplication -->
        <test-method status="PASS" signature="testInvalid()[pri:0, instance:scripts.TestInvalidLogin@eec5a4a]" name="testInvalid" duration-ms="83660" started-at="2018-09-01T15:37:51Z" finished-at="2018-09-01T15:39:15Z">
          <reporter-output>
          </reporter-output>
        </test-method> <!-- testInvalid -->
        <test-method status="PASS" signature="closeApplication(org.testng.ITestResult)[pri:0, instance:scripts.TestInvalidLogin@eec5a4a]" name="closeApplication" is-config="true" duration-ms="325" started-at="2018-09-01T15:39:15Z" finished-at="2018-09-01T15:39:15Z">
          <params>
            <param index="0">
              <value>
                <![CDATA[[TestResult name=testInvalid status=SUCCESS method=TestInvalidLogin.testInvalid()[pri:0, instance:scripts.TestInvalidLogin@eec5a4a] output={null}]]]>
              </value>
            </param>
          </params>
          <reporter-output>
          </reporter-output>
        </test-method> <!-- closeApplication -->
      </class> <!-- scripts.TestInvalidLogin -->
    </test> <!-- FirefoxTest -->
    <test name="ChromeTest" duration-ms="170668" started-at="2018-09-01T10:06:52Z" finished-at="2018-09-01T10:09:43Z">
      <class name="scripts.TestValidLogin">
        <test-method status="PASS" signature="openApplication(java.lang.String)[pri:0, instance:scripts.TestValidLogin@627551fb]" name="openApplication" is-config="true" duration-ms="15302" started-at="2018-09-01T15:36:52Z" finished-at="2018-09-01T15:37:07Z">
          <params>
            <param index="0">
              <value>
                <![CDATA[chrome]]>
              </value>
            </param>
          </params>
          <reporter-output>
          </reporter-output>
        </test-method> <!-- openApplication -->
        <test-method status="PASS" signature="testValidLogin()[pri:0, instance:scripts.TestValidLogin@627551fb]" name="testValidLogin" duration-ms="23873" started-at="2018-09-01T15:37:07Z" finished-at="2018-09-01T15:37:31Z">
          <reporter-output>
          </reporter-output>
        </test-method> <!-- testValidLogin -->
        <test-method status="PASS" signature="closeApplication(org.testng.ITestResult)[pri:0, instance:scripts.TestValidLogin@627551fb]" name="closeApplication" is-config="true" duration-ms="869" started-at="2018-09-01T15:37:31Z" finished-at="2018-09-01T15:37:32Z">
          <params>
            <param index="0">
              <value>
                <![CDATA[[TestResult name=testValidLogin status=SUCCESS method=TestValidLogin.testValidLogin()[pri:0, instance:scripts.TestValidLogin@627551fb] output={null}]]]>
              </value>
            </param>
          </params>
          <reporter-output>
          </reporter-output>
        </test-method> <!-- closeApplication -->
      </class> <!-- scripts.TestValidLogin -->
      <class name="scripts.TestInvalidLogin">
        <test-method status="PASS" signature="openApplication(java.lang.String)[pri:0, instance:scripts.TestInvalidLogin@2b552920]" name="openApplication" is-config="true" duration-ms="16310" started-at="2018-09-01T15:37:32Z" finished-at="2018-09-01T15:37:48Z">
          <params>
            <param index="0">
              <value>
                <![CDATA[chrome]]>
              </value>
            </param>
          </params>
          <reporter-output>
          </reporter-output>
        </test-method> <!-- openApplication -->
        <test-method status="PASS" signature="testInvalid()[pri:0, instance:scripts.TestInvalidLogin@2b552920]" name="testInvalid" duration-ms="113550" started-at="2018-09-01T15:37:48Z" finished-at="2018-09-01T15:39:42Z">
          <reporter-output>
          </reporter-output>
        </test-method> <!-- testInvalid -->
        <test-method status="PASS" signature="closeApplication(org.testng.ITestResult)[pri:0, instance:scripts.TestInvalidLogin@2b552920]" name="closeApplication" is-config="true" duration-ms="732" started-at="2018-09-01T15:39:42Z" finished-at="2018-09-01T15:39:43Z">
          <params>
            <param index="0">
              <value>
                <![CDATA[[TestResult name=testInvalid status=SUCCESS method=TestInvalidLogin.testInvalid()[pri:0, instance:scripts.TestInvalidLogin@2b552920] output={null}]]]>
              </value>
            </param>
          </params>
          <reporter-output>
          </reporter-output>
        </test-method> <!-- closeApplication -->
      </class> <!-- scripts.TestInvalidLogin -->
    </test> <!-- ChromeTest -->
  </suite> <!-- Suite -->
</testng-results>
